# JRE version: OpenJDK Runtime Environment (8.0_252-b09) (build 1.8.0_252-8u252-b09-1~16.04-b09)
# Java VM: OpenJDK 64-Bit Server VM (25.252-b09 mixed mode linux-amd64 compressed oops)
Heap:
 PSYoungGen      total 261120K, used 8164K [0x00000000d7100000, 0x00000000e7800000, 0x0000000100000000)
  eden space 252928K, 0% used [0x00000000d7100000,0x00000000d7100000,0x00000000e6800000)
  from space 8192K, 99% used [0x00000000e6800000,0x00000000e6ff9310,0x00000000e7000000)
  to   space 8192K, 0% used [0x00000000e7000000,0x00000000e7000000,0x00000000e7800000)
 ParOldGen       total 48640K, used 17855K [0x0000000085200000, 0x0000000088180000, 0x00000000d7100000)
  object space 48640K, 36% used [0x0000000085200000,0x000000008636ff80,0x0000000088180000)
 Metaspace       used 33321K, capacity 35356K, committed 35456K, reserved 1079296K
  class space    used 4526K, capacity 4918K, committed 4992K, reserved 1048576K
GC Heap History (10 events):
Event: 5.797 GC heap after
Heap after GC invocations=5 (full 0):
 PSYoungGen      total 68608K, used 5115K [0x00000000d7100000, 0x00000000dfd00000, 0x0000000100000000)
  eden space 63488K, 0% used [0x00000000d7100000,0x00000000d7100000,0x00000000daf00000)
  from space 5120K, 99% used [0x00000000daf00000,0x00000000db3fefe0,0x00000000db400000)
  to   space 8192K, 0% used [0x00000000df500000,0x00000000df500000,0x00000000dfd00000)
 ParOldGen       total 84992K, used 2536K [0x0000000085200000, 0x000000008a500000, 0x00000000d7100000)
  object space 84992K, 2% used [0x0000000085200000,0x000000008547a1f8,0x000000008a500000)
 Metaspace       used 16383K, capacity 17118K, committed 17408K, reserved 1064960K
  class space    used 2065K, capacity 2250K, committed 2304K, reserved 1048576K
}
Event: 6.214 GC heap before
{Heap before GC invocations=6 (full 0):
 PSYoungGen      total 68608K, used 68603K [0x00000000d7100000, 0x00000000dfd00000, 0x0000000100000000)
  eden space 63488K, 100% used [0x00000000d7100000,0x00000000daf00000,0x00000000daf00000)
  from space 5120K, 99% used [0x00000000daf00000,0x00000000db3fefe0,0x00000000db400000)
  to   space 8192K, 0% used [0x00000000df500000,0x00000000df500000,0x00000000dfd00000)
 ParOldGen       total 84992K, used 2536K [0x0000000085200000, 0x000000008a500000, 0x00000000d7100000)
  object space 84992K, 2% used [0x0000000085200000,0x000000008547a1f8,0x000000008a500000)
 Metaspace       used 16817K, capacity 17682K, committed 17792K, reserved 1064960K
  class space    used 2130K, capacity 2340K, committed 2432K, reserved 1048576K
Event: 6.233 GC heap after
Heap after GC invocations=6 (full 0):
 PSYoungGen      total 134656K, used 6257K [0x00000000d7100000, 0x00000000dfe00000, 0x0000000100000000)
  eden space 126464K, 0% used [0x00000000d7100000,0x00000000d7100000,0x00000000dec80000)
  from space 8192K, 76% used [0x00000000df500000,0x00000000dfb1c748,0x00000000dfd00000)
  to   space 8704K, 0% used [0x00000000dec80000,0x00000000dec80000,0x00000000df500000)
 ParOldGen       total 84992K, used 2544K [0x0000000085200000, 0x000000008a500000, 0x00000000d7100000)
  object space 84992K, 2% used [0x0000000085200000,0x000000008547c1f8,0x000000008a500000)
 Metaspace       used 16817K, capacity 17682K, committed 17792K, reserved 1064960K
  class space    used 2130K, capacity 2340K, committed 2432K, reserved 1048576K
}
Event: 6.591 GC heap before
{Heap before GC invocations=7 (full 0):
 PSYoungGen      total 134656K, used 132721K [0x00000000d7100000, 0x00000000dfe00000, 0x0000000100000000)
  eden space 126464K, 100% used [0x00000000d7100000,0x00000000dec80000,0x00000000dec80000)
  from space 8192K, 76% used [0x00000000df500000,0x00000000dfb1c748,0x00000000dfd00000)
  to   space 8704K, 0% used [0x00000000dec80000,0x00000000dec80000,0x00000000df500000)
 ParOldGen       total 84992K, used 2544K [0x0000000085200000, 0x000000008a500000, 0x00000000d7100000)
  object space 84992K, 2% used [0x0000000085200000,0x000000008547c1f8,0x000000008a500000)
 Metaspace       used 17382K, capacity 18292K, committed 18304K, reserved 1064960K
  class space    used 2219K, capacity 2427K, committed 2432K, reserved 1048576K
Event: 6.625 GC heap after
Heap after GC invocations=7 (full 0):
 PSYoungGen      total 135168K, used 4765K [0x00000000d7100000, 0x00000000e7800000, 0x0000000100000000)
  eden space 126464K, 0% used [0x00000000d7100000,0x00000000d7100000,0x00000000dec80000)
  from space 8704K, 54% used [0x00000000dec80000,0x00000000df127410,0x00000000df500000)
  to   space 8192K, 0% used [0x00000000e7000000,0x00000000e7000000,0x00000000e7800000)
 ParOldGen       total 84992K, used 4133K [0x0000000085200000, 0x000000008a500000, 0x00000000d7100000)
  object space 84992K, 4% used [0x0000000085200000,0x00000000856097b8,0x000000008a500000)
 Metaspace       used 17382K, capacity 18292K, committed 18304K, reserved 1064960K
  class space    used 2219K, capacity 2427K, committed 2432K, reserved 1048576K
}
Event: 7.634 GC heap before
{Heap before GC invocations=8 (full 0):
 PSYoungGen      total 135168K, used 50241K [0x00000000d7100000, 0x00000000e7800000, 0x0000000100000000)
  eden space 126464K, 35% used [0x00000000d7100000,0x00000000d9d69228,0x00000000dec80000)
  from space 8704K, 54% used [0x00000000dec80000,0x00000000df127410,0x00000000df500000)
  to   space 8192K, 0% used [0x00000000e7000000,0x00000000e7000000,0x00000000e7800000)
 ParOldGen       total 84992K, used 4133K [0x0000000085200000, 0x000000008a500000, 0x00000000d7100000)
  object space 84992K, 4% used [0x0000000085200000,0x00000000856097b8,0x000000008a500000)
 Metaspace       used 20137K, capacity 21274K, committed 21296K, reserved 1067008K
  class space    used 2638K, capacity 2923K, committed 2944K, reserved 1048576K
Event: 7.656 GC heap after
Heap after GC invocations=8 (full 0):
 PSYoungGen      total 261120K, used 6376K [0x00000000d7100000, 0x00000000e7800000, 0x0000000100000000)
  eden space 252928K, 0% used [0x00000000d7100000,0x00000000d7100000,0x00000000e6800000)
  from space 8192K, 77% used [0x00000000e7000000,0x00000000e763a0c0,0x00000000e7800000)
  to   space 8192K, 0% used [0x00000000e6800000,0x00000000e6800000,0x00000000e7000000)
 ParOldGen       total 84992K, used 5837K [0x0000000085200000, 0x000000008a500000, 0x00000000d7100000)
  object space 84992K, 6% used [0x0000000085200000,0x00000000857b3608,0x000000008a500000)
 Metaspace       used 20137K, capacity 21274K, committed 21296K, reserved 1067008K
  class space    used 2638K, capacity 2923K, committed 2944K, reserved 1048576K
}
Event: 7.656 GC heap before
{Heap before GC invocations=9 (full 1):
 PSYoungGen      total 261120K, used 6376K [0x00000000d7100000, 0x00000000e7800000, 0x0000000100000000)
  eden space 252928K, 0% used [0x00000000d7100000,0x00000000d7100000,0x00000000e6800000)
  from space 8192K, 77% used [0x00000000e7000000,0x00000000e763a0c0,0x00000000e7800000)
  to   space 8192K, 0% used [0x00000000e6800000,0x00000000e6800000,0x00000000e7000000)
 ParOldGen       total 84992K, used 5837K [0x0000000085200000, 0x000000008a500000, 0x00000000d7100000)
  object space 84992K, 6% used [0x0000000085200000,0x00000000857b3608,0x000000008a500000)
 Metaspace       used 20137K, capacity 21274K, committed 21296K, reserved 1067008K
  class space    used 2638K, capacity 2923K, committed 2944K, reserved 1048576K
Event: 7.703 GC heap after
Heap after GC invocations=9 (full 1):
 PSYoungGen      total 261120K, used 0K [0x00000000d7100000, 0x00000000e7800000, 0x0000000100000000)
  eden space 252928K, 0% used [0x00000000d7100000,0x00000000d7100000,0x00000000e6800000)
  from space 8192K, 0% used [0x00000000e7000000,0x00000000e7000000,0x00000000e7800000)
  to   space 8192K, 0% used [0x00000000e6800000,0x00000000e6800000,0x00000000e7000000)
 ParOldGen       total 48640K, used 9276K [0x0000000085200000, 0x0000000088180000, 0x00000000d7100000)
  object space 48640K, 19% used [0x0000000085200000,0x0000000085b0f318,0x0000000088180000)
 Metaspace       used 20135K, capacity 21268K, committed 21296K, reserved 1067008K
  class space    used 2638K, capacity 2922K, committed 2944K, reserved 1048576K
}
Event: 31.268 GC heap before
{Heap before GC invocations=10 (full 1):
 PSYoungGen      total 261120K, used 231802K [0x00000000d7100000, 0x00000000e7800000, 0x0000000100000000)
  eden space 252928K, 91% used [0x00000000d7100000,0x00000000e535e928,0x00000000e6800000)
  from space 8192K, 0% used [0x00000000e7000000,0x00000000e7000000,0x00000000e7800000)
  to   space 8192K, 0% used [0x00000000e6800000,0x00000000e6800000,0x00000000e7000000)
 ParOldGen       total 48640K, used 9276K [0x0000000085200000, 0x0000000088180000, 0x00000000d7100000)
  object space 48640K, 19% used [0x0000000085200000,0x0000000085b0f318,0x0000000088180000)
 Metaspace       used 33321K, capacity 35356K, committed 35456K, reserved 1079296K
  class space    used 4526K, capacity 4918K, committed 4992K, reserved 1048576K

